<?xml version="1.0" encoding="UTF-8"?>
<testsuite xmlns:xsi="http://www.w3.org/2001/XMLSchema-instance" xsi:noNamespaceSchemaLocation="https://maven.apache.org/surefire/maven-surefire-plugin/xsd/surefire-test-report-3.0.xsd" version="3.0" name="com.bolsadeideas.springboot.web.app.SpringBootWebApplicationTests" time="2.271" tests="1" errors="0" skipped="0" failures="0">
  <properties>
[...]
</properties>
  <testcase name="contextLoads" classname="com.bolsadeideas.springboot.web.app.SpringBootWebApplicationTests" time="0.763">
    <system-out><![CDATA[09:48:08.548 [main] INFO org.springframework.test.context.support.AnnotationConfigContextLoaderUtils -- Could not detect default configuration classes for test class [com.bolsadeideas.springboot.web.app.SpringBootWebApplicationTests]: SpringBootWebApplicationTests does not declare any static, non-private, non-final, nested classes annotated with @Configuration.
09:48:08.616 [main] INFO org.springframework.boot.test.context.SpringBootTestContextBootstrapper -- Found @SpringBootConfiguration com.bolsadeideas.springboot.web.app.SpringBootWebApplication for test class com.bolsadeideas.springboot.web.app.SpringBootWebApplicationTests

  .   ____          _            __ _ _
 /\\ / ___'_ __ _ _(_)_ __  __ _ \ \ \ \
( ( )\___ | '_ | '_| | '_ \/ _` | \ \ \ \
 \\/  ___)| |_)| | | | | || (_| |  ) ) ) )
  '  |____| .__|_| |_|_| |_\__, | / / / /
 =========|_|==============|___/=/_/_/_/
 :: Spring Boot ::                (v3.1.2)

2023-08-05T09:48:08.955-05:00  INFO 14272 --- [           main] c.b.s.w.a.SpringBootWebApplicationTests  : Starting SpringBootWebApplicationTests using Java 17.0.7 with PID 14272 (started by RickyOrtega in E:\Cursos\spring-springboot\spring-boot-web)
2023-08-05T09:48:08.957-05:00  INFO 14272 --- [           main] c.b.s.w.a.SpringBootWebApplicationTests  : No active profile set, falling back to 1 default profile: "default"
2023-08-05T09:48:09.778-05:00  INFO 14272 --- [           main] o.s.b.a.w.s.WelcomePageHandlerMapping    : Adding welcome page template: index
2023-08-05T09:48:09.915-05:00  INFO 14272 --- [           main] c.b.s.w.a.SpringBootWebApplicationTests  : Started SpringBootWebApplicationTests in 1.175 seconds (process running for 1.857)
]]></system-out>
  </testcase>
</testsuite>